<html>
<head>
<title>TestNG:  Default test</title>
<link href="../testng.css" rel="stylesheet" type="text/css" />
<link href="../my-testng.css" rel="stylesheet" type="text/css" />

<style type="text/css">
.log { display: none;} 
.stack-trace { display: none;} 
</style>
<script type="text/javascript">
<!--
function flip(e) {
  current = e.style.display;
  if (current == 'block') {
    e.style.display = 'none';
    return 0;
  }
  else {
    e.style.display = 'block';
    return 1;
  }
}

function toggleBox(szDivId, elem, msg1, msg2)
{
  var res = -1;  if (document.getElementById) {
    res = flip(document.getElementById(szDivId));
  }
  else if (document.all) {
    // this is the way old msie versions work
    res = flip(document.all[szDivId]);
  }
  if(elem) {
    if(res == 0) elem.innerHTML = msg1; else elem.innerHTML = msg2;
  }

}

function toggleAllBoxes() {
  if (document.getElementsByTagName) {
    d = document.getElementsByTagName('div');
    for (i = 0; i < d.length; i++) {
      if (d[i].className == 'log') {
        flip(d[i]);
      }
    }
  }
}

// -->
</script>

</head>
<body>
<h2 align='center'>Default test</h2><table border='1' align="center">
<tr>
<td>Tests passed/Failed/Skipped:</td><td>14/0/13</td>
</tr><tr>
<td>Started on:</td><td>Thu Nov 12 16:28:28 GMT 2015</td>
</tr>
<tr><td>Total time:</td><td>2 seconds (2270 ms)</td>
</tr><tr>
<td>Included groups:</td><td></td>
</tr><tr>
<td>Excluded groups:</td><td></td>
</tr>
</table><p/>
<small><i>(Hover the method name to see the test class name)</i></small><p/>
<table width='100%' border='1' class='invocation-passed'>
<tr><td colspan='4' align='center'><b>PASSED TESTS</b></td></tr>
<tr><td><b>Test method</b></td>
<td width="30%"><b>Exception</b></td>
<td width="10%"><b>Time (seconds)</b></td>
<td><b>Instance</b></td>
</tr>
<tr>
<td title='com.aol.cyclops.javaslang.reactivestreams.javaslang.TckWhiteBoxSubscriberTest.required_exerciseWhiteboxHappyPath()'><b>required_exerciseWhiteboxHappyPath</b><br>Test class: com.aol.cyclops.javaslang.reactivestreams.javaslang.TckWhiteBoxSubscriberTest</td>
<td></td>
<td>0</td>
<td>com.aol.cyclops.javaslang.reactivestreams.javaslang.TckWhiteBoxSubscriberTest@387c703b</td></tr>
<tr>
<td title='com.aol.cyclops.javaslang.reactivestreams.javaslang.TckWhiteBoxSubscriberTest.required_spec201_mustSignalDemandViaSubscriptionRequest()'><b>required_spec201_mustSignalDemandViaSubscriptionRequest</b><br>Test class: com.aol.cyclops.javaslang.reactivestreams.javaslang.TckWhiteBoxSubscriberTest</td>
<td></td>
<td>0</td>
<td>com.aol.cyclops.javaslang.reactivestreams.javaslang.TckWhiteBoxSubscriberTest@387c703b</td></tr>
<tr>
<td title='com.aol.cyclops.javaslang.reactivestreams.javaslang.TckWhiteBoxSubscriberTest.required_spec203_mustNotCallMethodsOnSubscriptionOrPublisherInOnComplete()'><b>required_spec203_mustNotCallMethodsOnSubscriptionOrPublisherInOnComplete</b><br>Test class: com.aol.cyclops.javaslang.reactivestreams.javaslang.TckWhiteBoxSubscriberTest</td>
<td></td>
<td>0</td>
<td>com.aol.cyclops.javaslang.reactivestreams.javaslang.TckWhiteBoxSubscriberTest@387c703b</td></tr>
<tr>
<td title='com.aol.cyclops.javaslang.reactivestreams.javaslang.TckWhiteBoxSubscriberTest.required_spec203_mustNotCallMethodsOnSubscriptionOrPublisherInOnError()'><b>required_spec203_mustNotCallMethodsOnSubscriptionOrPublisherInOnError</b><br>Test class: com.aol.cyclops.javaslang.reactivestreams.javaslang.TckWhiteBoxSubscriberTest</td>
<td></td>
<td>0</td>
<td>com.aol.cyclops.javaslang.reactivestreams.javaslang.TckWhiteBoxSubscriberTest@387c703b</td></tr>
<tr>
<td title='com.aol.cyclops.javaslang.reactivestreams.javaslang.TckWhiteBoxSubscriberTest.required_spec205_mustCallSubscriptionCancelIfItAlreadyHasAnSubscriptionAndReceivesAnotherOnSubscribeSignal()'><b>required_spec205_mustCallSubscriptionCancelIfItAlreadyHasAnSubscriptionAndReceivesAnotherOnSubscribeSignal</b><br>Test class: com.aol.cyclops.javaslang.reactivestreams.javaslang.TckWhiteBoxSubscriberTest</td>
<td></td>
<td>0</td>
<td>com.aol.cyclops.javaslang.reactivestreams.javaslang.TckWhiteBoxSubscriberTest@387c703b</td></tr>
<tr>
<td title='com.aol.cyclops.javaslang.reactivestreams.javaslang.TckWhiteBoxSubscriberTest.required_spec208_mustBePreparedToReceiveOnNextSignalsAfterHavingCalledSubscriptionCancel()'><b>required_spec208_mustBePreparedToReceiveOnNextSignalsAfterHavingCalledSubscriptionCancel</b><br>Test class: com.aol.cyclops.javaslang.reactivestreams.javaslang.TckWhiteBoxSubscriberTest</td>
<td></td>
<td>0</td>
<td>com.aol.cyclops.javaslang.reactivestreams.javaslang.TckWhiteBoxSubscriberTest@387c703b</td></tr>
<tr>
<td title='com.aol.cyclops.javaslang.reactivestreams.javaslang.TckWhiteBoxSubscriberTest.required_spec209_mustBePreparedToReceiveAnOnCompleteSignalWithPrecedingRequestCall()'><b>required_spec209_mustBePreparedToReceiveAnOnCompleteSignalWithPrecedingRequestCall</b><br>Test class: com.aol.cyclops.javaslang.reactivestreams.javaslang.TckWhiteBoxSubscriberTest</td>
<td></td>
<td>0</td>
<td>com.aol.cyclops.javaslang.reactivestreams.javaslang.TckWhiteBoxSubscriberTest@387c703b</td></tr>
<tr>
<td title='com.aol.cyclops.javaslang.reactivestreams.javaslang.TckWhiteBoxSubscriberTest.required_spec209_mustBePreparedToReceiveAnOnCompleteSignalWithoutPrecedingRequestCall()'><b>required_spec209_mustBePreparedToReceiveAnOnCompleteSignalWithoutPrecedingRequestCall</b><br>Test class: com.aol.cyclops.javaslang.reactivestreams.javaslang.TckWhiteBoxSubscriberTest</td>
<td></td>
<td>0</td>
<td>com.aol.cyclops.javaslang.reactivestreams.javaslang.TckWhiteBoxSubscriberTest@387c703b</td></tr>
<tr>
<td title='com.aol.cyclops.javaslang.reactivestreams.javaslang.TckWhiteBoxSubscriberTest.required_spec210_mustBePreparedToReceiveAnOnErrorSignalWithPrecedingRequestCall()'><b>required_spec210_mustBePreparedToReceiveAnOnErrorSignalWithPrecedingRequestCall</b><br>Test class: com.aol.cyclops.javaslang.reactivestreams.javaslang.TckWhiteBoxSubscriberTest</td>
<td></td>
<td>0</td>
<td>com.aol.cyclops.javaslang.reactivestreams.javaslang.TckWhiteBoxSubscriberTest@387c703b</td></tr>
<tr>
<td title='com.aol.cyclops.javaslang.reactivestreams.javaslang.TckWhiteBoxSubscriberTest.required_spec210_mustBePreparedToReceiveAnOnErrorSignalWithoutPrecedingRequestCall()'><b>required_spec210_mustBePreparedToReceiveAnOnErrorSignalWithoutPrecedingRequestCall</b><br>Test class: com.aol.cyclops.javaslang.reactivestreams.javaslang.TckWhiteBoxSubscriberTest</td>
<td></td>
<td>0</td>
<td>com.aol.cyclops.javaslang.reactivestreams.javaslang.TckWhiteBoxSubscriberTest@387c703b</td></tr>
<tr>
<td title='com.aol.cyclops.javaslang.reactivestreams.javaslang.TckWhiteBoxSubscriberTest.required_spec213_onError_mustThrowNullPointerExceptionWhenParametersAreNull()'><b>required_spec213_onError_mustThrowNullPointerExceptionWhenParametersAreNull</b><br>Test class: com.aol.cyclops.javaslang.reactivestreams.javaslang.TckWhiteBoxSubscriberTest</td>
<td></td>
<td>0</td>
<td>com.aol.cyclops.javaslang.reactivestreams.javaslang.TckWhiteBoxSubscriberTest@387c703b</td></tr>
<tr>
<td title='com.aol.cyclops.javaslang.reactivestreams.javaslang.TckWhiteBoxSubscriberTest.required_spec213_onNext_mustThrowNullPointerExceptionWhenParametersAreNull()'><b>required_spec213_onNext_mustThrowNullPointerExceptionWhenParametersAreNull</b><br>Test class: com.aol.cyclops.javaslang.reactivestreams.javaslang.TckWhiteBoxSubscriberTest</td>
<td></td>
<td>0</td>
<td>com.aol.cyclops.javaslang.reactivestreams.javaslang.TckWhiteBoxSubscriberTest@387c703b</td></tr>
<tr>
<td title='com.aol.cyclops.javaslang.reactivestreams.javaslang.TckWhiteBoxSubscriberTest.required_spec213_onSubscribe_mustThrowNullPointerExceptionWhenParametersAreNull()'><b>required_spec213_onSubscribe_mustThrowNullPointerExceptionWhenParametersAreNull</b><br>Test class: com.aol.cyclops.javaslang.reactivestreams.javaslang.TckWhiteBoxSubscriberTest</td>
<td></td>
<td>0</td>
<td>com.aol.cyclops.javaslang.reactivestreams.javaslang.TckWhiteBoxSubscriberTest@387c703b</td></tr>
<tr>
<td title='com.aol.cyclops.javaslang.reactivestreams.javaslang.TckWhiteBoxSubscriberTest.required_spec308_requestMustRegisterGivenNumberElementsToBeProduced()'><b>required_spec308_requestMustRegisterGivenNumberElementsToBeProduced</b><br>Test class: com.aol.cyclops.javaslang.reactivestreams.javaslang.TckWhiteBoxSubscriberTest</td>
<td></td>
<td>0</td>
<td>com.aol.cyclops.javaslang.reactivestreams.javaslang.TckWhiteBoxSubscriberTest@387c703b</td></tr>
</table><p>
<table width='100%' border='1' class='invocation-skipped'>
<tr><td colspan='4' align='center'><b>SKIPPED TESTS</b></td></tr>
<tr><td><b>Test method</b></td>
<td width="30%"><b>Exception</b></td>
<td width="10%"><b>Time (seconds)</b></td>
<td><b>Instance</b></td>
</tr>
<tr>
<td title='com.aol.cyclops.javaslang.reactivestreams.javaslang.TckWhiteBoxSubscriberTest.untested_spec202_shouldAsynchronouslyDispatch()'><b>untested_spec202_shouldAsynchronouslyDispatch</b><br>Test class: com.aol.cyclops.javaslang.reactivestreams.javaslang.TckWhiteBoxSubscriberTest</td>
<td><div><pre>org.testng.SkipException: Not verified using this TCK.
	at org.reactivestreams.tck.SubscriberWhiteboxVerification.notVerified(SubscriberWhiteboxVerification.java:779)
	at org.reactivestreams.tck.SubscriberWhiteboxVerification.untested_spec202_shouldAsynchronouslyDispatch(SubscriberWhiteboxVerification.java:115)
	at sun.reflect.NativeMethodAccessorImpl.invoke0(Native Method)
	at sun.reflect.NativeMethodAccessorImpl.invoke(NativeMethodAccessorImpl.java:62)
	at sun.reflect.DelegatingMethodAccessorImpl.invoke(DelegatingMethodAccessorImpl.java:43)
	at java.lang.reflect.Method.invoke(Method.java:497)
	at org.testng.internal.MethodInvocationHelper.invokeMethod(MethodInvocationHelper.java:74)
	at org.testng.internal.Invoker.invokeMethod(Invoker.java:673)
	at org.testng.internal.Invoker.invokeTestMethod(Invoker.java:846)
	at org.testng.internal.Invoker.invokeTestMethods(Invoker.java:1170)
	at org.testng.internal.TestMethodWorker.invokeTestMethods(TestMethodWorker.java:125)
	at org.testng.internal.TestMethodWorker.run(TestMethodWorker.java:109)
	at org.testng.TestRunner.runWorkers(TestRunner.java:1147)
	at org.testng.TestRunner.privateRun(TestRunner.java:749)
	at org.testng.TestRunner.run(TestRunner.java:600)
	at org.testng.SuiteRunner.runTest(SuiteRunner.java:317)
	at org.testng.SuiteRunner.runSequentially(SuiteRunner.java:312)
	at org.testng.SuiteRunner.privateRun(SuiteRunner.java:274)
	at org.testng.SuiteRunner.run(SuiteRunner.java:223)
	at org.testng.SuiteRunnerWorker.runSuite(SuiteRunnerWorker.java:52)
	at org.testng.SuiteRunnerWorker.run(SuiteRunnerWorker.java:86)
	at org.testng.TestNG.runSuitesSequentially(TestNG.java:1039)
	at org.testng.TestNG.runSuitesLocally(TestNG.java:964)
	at org.testng.TestNG.run(TestNG.java:900)
	at org.testng.remote.RemoteTestNG.run(RemoteTestNG.java:110)
	at org.testng.remote.RemoteTestNG.initAndRun(RemoteTestNG.java:205)
	at org.testng.remote.RemoteTestNG.main(RemoteTestNG.java:174)
</pre></div><a href='#' onClick='toggleBox("stack-trace555826066", this, "Click to show all stack frames", "Click to hide stack frames")'>Click to show all stack frames</a>
<div class='stack-trace' id='stack-trace555826066'><pre>org.testng.SkipException: Not verified using this TCK.
	at org.reactivestreams.tck.SubscriberWhiteboxVerification.notVerified(SubscriberWhiteboxVerification.java:779)
	at org.reactivestreams.tck.SubscriberWhiteboxVerification.untested_spec202_shouldAsynchronouslyDispatch(SubscriberWhiteboxVerification.java:115)
	at sun.reflect.NativeMethodAccessorImpl.invoke0(Native Method)
	at sun.reflect.NativeMethodAccessorImpl.invoke(NativeMethodAccessorImpl.java:62)
	at sun.reflect.DelegatingMethodAccessorImpl.invoke(DelegatingMethodAccessorImpl.java:43)
	at java.lang.reflect.Method.invoke(Method.java:497)
	at org.testng.internal.MethodInvocationHelper.invokeMethod(MethodInvocationHelper.java:74)
	at org.testng.internal.Invoker.invokeMethod(Invoker.java:673)
	at org.testng.internal.Invoker.invokeTestMethod(Invoker.java:846)
	at org.testng.internal.Invoker.invokeTestMethods(Invoker.java:1170)
	at org.testng.internal.TestMethodWorker.invokeTestMethods(TestMethodWorker.java:125)
	at org.testng.internal.TestMethodWorker.run(TestMethodWorker.java:109)
	at org.testng.TestRunner.runWorkers(TestRunner.java:1147)
	at org.testng.TestRunner.privateRun(TestRunner.java:749)
	at org.testng.TestRunner.run(TestRunner.java:600)
	at org.testng.SuiteRunner.runTest(SuiteRunner.java:317)
	at org.testng.SuiteRunner.runSequentially(SuiteRunner.java:312)
	at org.testng.SuiteRunner.privateRun(SuiteRunner.java:274)
	at org.testng.SuiteRunner.run(SuiteRunner.java:223)
	at org.testng.SuiteRunnerWorker.runSuite(SuiteRunnerWorker.java:52)
	at org.testng.SuiteRunnerWorker.run(SuiteRunnerWorker.java:86)
	at org.testng.TestNG.runSuitesSequentially(TestNG.java:1039)
	at org.testng.TestNG.runSuitesLocally(TestNG.java:964)
	at org.testng.TestNG.run(TestNG.java:900)
	at org.testng.remote.RemoteTestNG.run(RemoteTestNG.java:110)
	at org.testng.remote.RemoteTestNG.initAndRun(RemoteTestNG.java:205)
	at org.testng.remote.RemoteTestNG.main(RemoteTestNG.java:174)
</pre></div></td>
<td>0</td>
<td>com.aol.cyclops.javaslang.reactivestreams.javaslang.TckWhiteBoxSubscriberTest@387c703b</td></tr>
<tr>
<td title='com.aol.cyclops.javaslang.reactivestreams.javaslang.TckWhiteBoxSubscriberTest.untested_spec204_mustConsiderTheSubscriptionAsCancelledInAfterRecievingOnCompleteOrOnError()'><b>untested_spec204_mustConsiderTheSubscriptionAsCancelledInAfterRecievingOnCompleteOrOnError</b><br>Test class: com.aol.cyclops.javaslang.reactivestreams.javaslang.TckWhiteBoxSubscriberTest</td>
<td><div><pre>org.testng.SkipException: Not verified using this TCK.
	at org.reactivestreams.tck.SubscriberWhiteboxVerification.notVerified(SubscriberWhiteboxVerification.java:779)
	at org.reactivestreams.tck.SubscriberWhiteboxVerification.untested_spec204_mustConsiderTheSubscriptionAsCancelledInAfterRecievingOnCompleteOrOnError(SubscriberWhiteboxVerification.java:201)
	at sun.reflect.NativeMethodAccessorImpl.invoke0(Native Method)
	at sun.reflect.NativeMethodAccessorImpl.invoke(NativeMethodAccessorImpl.java:62)
	at sun.reflect.DelegatingMethodAccessorImpl.invoke(DelegatingMethodAccessorImpl.java:43)
	at java.lang.reflect.Method.invoke(Method.java:497)
	at org.testng.internal.MethodInvocationHelper.invokeMethod(MethodInvocationHelper.java:74)
	at org.testng.internal.Invoker.invokeMethod(Invoker.java:673)
	at org.testng.internal.Invoker.invokeTestMethod(Invoker.java:846)
	at org.testng.internal.Invoker.invokeTestMethods(Invoker.java:1170)
	at org.testng.internal.TestMethodWorker.invokeTestMethods(TestMethodWorker.java:125)
	at org.testng.internal.TestMethodWorker.run(TestMethodWorker.java:109)
	at org.testng.TestRunner.runWorkers(TestRunner.java:1147)
	at org.testng.TestRunner.privateRun(TestRunner.java:749)
	at org.testng.TestRunner.run(TestRunner.java:600)
	at org.testng.SuiteRunner.runTest(SuiteRunner.java:317)
	at org.testng.SuiteRunner.runSequentially(SuiteRunner.java:312)
	at org.testng.SuiteRunner.privateRun(SuiteRunner.java:274)
	at org.testng.SuiteRunner.run(SuiteRunner.java:223)
	at org.testng.SuiteRunnerWorker.runSuite(SuiteRunnerWorker.java:52)
	at org.testng.SuiteRunnerWorker.run(SuiteRunnerWorker.java:86)
	at org.testng.TestNG.runSuitesSequentially(TestNG.java:1039)
	at org.testng.TestNG.runSuitesLocally(TestNG.java:964)
	at org.testng.TestNG.run(TestNG.java:900)
	at org.testng.remote.RemoteTestNG.run(RemoteTestNG.java:110)
	at org.testng.remote.RemoteTestNG.initAndRun(RemoteTestNG.java:205)
	at org.testng.remote.RemoteTestNG.main(RemoteTestNG.java:174)
</pre></div><a href='#' onClick='toggleBox("stack-trace1386767190", this, "Click to show all stack frames", "Click to hide stack frames")'>Click to show all stack frames</a>
<div class='stack-trace' id='stack-trace1386767190'><pre>org.testng.SkipException: Not verified using this TCK.
	at org.reactivestreams.tck.SubscriberWhiteboxVerification.notVerified(SubscriberWhiteboxVerification.java:779)
	at org.reactivestreams.tck.SubscriberWhiteboxVerification.untested_spec204_mustConsiderTheSubscriptionAsCancelledInAfterRecievingOnCompleteOrOnError(SubscriberWhiteboxVerification.java:201)
	at sun.reflect.NativeMethodAccessorImpl.invoke0(Native Method)
	at sun.reflect.NativeMethodAccessorImpl.invoke(NativeMethodAccessorImpl.java:62)
	at sun.reflect.DelegatingMethodAccessorImpl.invoke(DelegatingMethodAccessorImpl.java:43)
	at java.lang.reflect.Method.invoke(Method.java:497)
	at org.testng.internal.MethodInvocationHelper.invokeMethod(MethodInvocationHelper.java:74)
	at org.testng.internal.Invoker.invokeMethod(Invoker.java:673)
	at org.testng.internal.Invoker.invokeTestMethod(Invoker.java:846)
	at org.testng.internal.Invoker.invokeTestMethods(Invoker.java:1170)
	at org.testng.internal.TestMethodWorker.invokeTestMethods(TestMethodWorker.java:125)
	at org.testng.internal.TestMethodWorker.run(TestMethodWorker.java:109)
	at org.testng.TestRunner.runWorkers(TestRunner.java:1147)
	at org.testng.TestRunner.privateRun(TestRunner.java:749)
	at org.testng.TestRunner.run(TestRunner.java:600)
	at org.testng.SuiteRunner.runTest(SuiteRunner.java:317)
	at org.testng.SuiteRunner.runSequentially(SuiteRunner.java:312)
	at org.testng.SuiteRunner.privateRun(SuiteRunner.java:274)
	at org.testng.SuiteRunner.run(SuiteRunner.java:223)
	at org.testng.SuiteRunnerWorker.runSuite(SuiteRunnerWorker.java:52)
	at org.testng.SuiteRunnerWorker.run(SuiteRunnerWorker.java:86)
	at org.testng.TestNG.runSuitesSequentially(TestNG.java:1039)
	at org.testng.TestNG.runSuitesLocally(TestNG.java:964)
	at org.testng.TestNG.run(TestNG.java:900)
	at org.testng.remote.RemoteTestNG.run(RemoteTestNG.java:110)
	at org.testng.remote.RemoteTestNG.initAndRun(RemoteTestNG.java:205)
	at org.testng.remote.RemoteTestNG.main(RemoteTestNG.java:174)
</pre></div></td>
<td>0</td>
<td>com.aol.cyclops.javaslang.reactivestreams.javaslang.TckWhiteBoxSubscriberTest@387c703b</td></tr>
<tr>
<td title='com.aol.cyclops.javaslang.reactivestreams.javaslang.TckWhiteBoxSubscriberTest.untested_spec206_mustCallSubscriptionCancelIfItIsNoLongerValid()'><b>untested_spec206_mustCallSubscriptionCancelIfItIsNoLongerValid</b><br>Test class: com.aol.cyclops.javaslang.reactivestreams.javaslang.TckWhiteBoxSubscriberTest</td>
<td><div><pre>org.testng.SkipException: Not verified using this TCK.
	at org.reactivestreams.tck.SubscriberWhiteboxVerification.notVerified(SubscriberWhiteboxVerification.java:779)
	at org.reactivestreams.tck.SubscriberWhiteboxVerification.untested_spec206_mustCallSubscriptionCancelIfItIsNoLongerValid(SubscriberWhiteboxVerification.java:240)
	at sun.reflect.NativeMethodAccessorImpl.invoke0(Native Method)
	at sun.reflect.NativeMethodAccessorImpl.invoke(NativeMethodAccessorImpl.java:62)
	at sun.reflect.DelegatingMethodAccessorImpl.invoke(DelegatingMethodAccessorImpl.java:43)
	at java.lang.reflect.Method.invoke(Method.java:497)
	at org.testng.internal.MethodInvocationHelper.invokeMethod(MethodInvocationHelper.java:74)
	at org.testng.internal.Invoker.invokeMethod(Invoker.java:673)
	at org.testng.internal.Invoker.invokeTestMethod(Invoker.java:846)
	at org.testng.internal.Invoker.invokeTestMethods(Invoker.java:1170)
	at org.testng.internal.TestMethodWorker.invokeTestMethods(TestMethodWorker.java:125)
	at org.testng.internal.TestMethodWorker.run(TestMethodWorker.java:109)
	at org.testng.TestRunner.runWorkers(TestRunner.java:1147)
	at org.testng.TestRunner.privateRun(TestRunner.java:749)
	at org.testng.TestRunner.run(TestRunner.java:600)
	at org.testng.SuiteRunner.runTest(SuiteRunner.java:317)
	at org.testng.SuiteRunner.runSequentially(SuiteRunner.java:312)
	at org.testng.SuiteRunner.privateRun(SuiteRunner.java:274)
	at org.testng.SuiteRunner.run(SuiteRunner.java:223)
	at org.testng.SuiteRunnerWorker.runSuite(SuiteRunnerWorker.java:52)
	at org.testng.SuiteRunnerWorker.run(SuiteRunnerWorker.java:86)
	at org.testng.TestNG.runSuitesSequentially(TestNG.java:1039)
	at org.testng.TestNG.runSuitesLocally(TestNG.java:964)
	at org.testng.TestNG.run(TestNG.java:900)
	at org.testng.remote.RemoteTestNG.run(RemoteTestNG.java:110)
	at org.testng.remote.RemoteTestNG.initAndRun(RemoteTestNG.java:205)
	at org.testng.remote.RemoteTestNG.main(RemoteTestNG.java:174)
</pre></div><a href='#' onClick='toggleBox("stack-trace1340328248", this, "Click to show all stack frames", "Click to hide stack frames")'>Click to show all stack frames</a>
<div class='stack-trace' id='stack-trace1340328248'><pre>org.testng.SkipException: Not verified using this TCK.
	at org.reactivestreams.tck.SubscriberWhiteboxVerification.notVerified(SubscriberWhiteboxVerification.java:779)
	at org.reactivestreams.tck.SubscriberWhiteboxVerification.untested_spec206_mustCallSubscriptionCancelIfItIsNoLongerValid(SubscriberWhiteboxVerification.java:240)
	at sun.reflect.NativeMethodAccessorImpl.invoke0(Native Method)
	at sun.reflect.NativeMethodAccessorImpl.invoke(NativeMethodAccessorImpl.java:62)
	at sun.reflect.DelegatingMethodAccessorImpl.invoke(DelegatingMethodAccessorImpl.java:43)
	at java.lang.reflect.Method.invoke(Method.java:497)
	at org.testng.internal.MethodInvocationHelper.invokeMethod(MethodInvocationHelper.java:74)
	at org.testng.internal.Invoker.invokeMethod(Invoker.java:673)
	at org.testng.internal.Invoker.invokeTestMethod(Invoker.java:846)
	at org.testng.internal.Invoker.invokeTestMethods(Invoker.java:1170)
	at org.testng.internal.TestMethodWorker.invokeTestMethods(TestMethodWorker.java:125)
	at org.testng.internal.TestMethodWorker.run(TestMethodWorker.java:109)
	at org.testng.TestRunner.runWorkers(TestRunner.java:1147)
	at org.testng.TestRunner.privateRun(TestRunner.java:749)
	at org.testng.TestRunner.run(TestRunner.java:600)
	at org.testng.SuiteRunner.runTest(SuiteRunner.java:317)
	at org.testng.SuiteRunner.runSequentially(SuiteRunner.java:312)
	at org.testng.SuiteRunner.privateRun(SuiteRunner.java:274)
	at org.testng.SuiteRunner.run(SuiteRunner.java:223)
	at org.testng.SuiteRunnerWorker.runSuite(SuiteRunnerWorker.java:52)
	at org.testng.SuiteRunnerWorker.run(SuiteRunnerWorker.java:86)
	at org.testng.TestNG.runSuitesSequentially(TestNG.java:1039)
	at org.testng.TestNG.runSuitesLocally(TestNG.java:964)
	at org.testng.TestNG.run(TestNG.java:900)
	at org.testng.remote.RemoteTestNG.run(RemoteTestNG.java:110)
	at org.testng.remote.RemoteTestNG.initAndRun(RemoteTestNG.java:205)
	at org.testng.remote.RemoteTestNG.main(RemoteTestNG.java:174)
</pre></div></td>
<td>0</td>
<td>com.aol.cyclops.javaslang.reactivestreams.javaslang.TckWhiteBoxSubscriberTest@387c703b</td></tr>
<tr>
<td title='com.aol.cyclops.javaslang.reactivestreams.javaslang.TckWhiteBoxSubscriberTest.untested_spec207_mustEnsureAllCallsOnItsSubscriptionTakePlaceFromTheSameThreadOrTakeCareOfSynchronization()'><b>untested_spec207_mustEnsureAllCallsOnItsSubscriptionTakePlaceFromTheSameThreadOrTakeCareOfSynchronization</b><br>Test class: com.aol.cyclops.javaslang.reactivestreams.javaslang.TckWhiteBoxSubscriberTest</td>
<td><div><pre>org.testng.SkipException: Not verified using this TCK.
	at org.reactivestreams.tck.SubscriberWhiteboxVerification.notVerified(SubscriberWhiteboxVerification.java:779)
	at org.reactivestreams.tck.SubscriberWhiteboxVerification.untested_spec207_mustEnsureAllCallsOnItsSubscriptionTakePlaceFromTheSameThreadOrTakeCareOfSynchronization(SubscriberWhiteboxVerification.java:246)
	at sun.reflect.NativeMethodAccessorImpl.invoke0(Native Method)
	at sun.reflect.NativeMethodAccessorImpl.invoke(NativeMethodAccessorImpl.java:62)
	at sun.reflect.DelegatingMethodAccessorImpl.invoke(DelegatingMethodAccessorImpl.java:43)
	at java.lang.reflect.Method.invoke(Method.java:497)
	at org.testng.internal.MethodInvocationHelper.invokeMethod(MethodInvocationHelper.java:74)
	at org.testng.internal.Invoker.invokeMethod(Invoker.java:673)
	at org.testng.internal.Invoker.invokeTestMethod(Invoker.java:846)
	at org.testng.internal.Invoker.invokeTestMethods(Invoker.java:1170)
	at org.testng.internal.TestMethodWorker.invokeTestMethods(TestMethodWorker.java:125)
	at org.testng.internal.TestMethodWorker.run(TestMethodWorker.java:109)
	at org.testng.TestRunner.runWorkers(TestRunner.java:1147)
	at org.testng.TestRunner.privateRun(TestRunner.java:749)
	at org.testng.TestRunner.run(TestRunner.java:600)
	at org.testng.SuiteRunner.runTest(SuiteRunner.java:317)
	at org.testng.SuiteRunner.runSequentially(SuiteRunner.java:312)
	at org.testng.SuiteRunner.privateRun(SuiteRunner.java:274)
	at org.testng.SuiteRunner.run(SuiteRunner.java:223)
	at org.testng.SuiteRunnerWorker.runSuite(SuiteRunnerWorker.java:52)
	at org.testng.SuiteRunnerWorker.run(SuiteRunnerWorker.java:86)
	at org.testng.TestNG.runSuitesSequentially(TestNG.java:1039)
	at org.testng.TestNG.runSuitesLocally(TestNG.java:964)
	at org.testng.TestNG.run(TestNG.java:900)
	at org.testng.remote.RemoteTestNG.run(RemoteTestNG.java:110)
	at org.testng.remote.RemoteTestNG.initAndRun(RemoteTestNG.java:205)
	at org.testng.remote.RemoteTestNG.main(RemoteTestNG.java:174)
</pre></div><a href='#' onClick='toggleBox("stack-trace540642172", this, "Click to show all stack frames", "Click to hide stack frames")'>Click to show all stack frames</a>
<div class='stack-trace' id='stack-trace540642172'><pre>org.testng.SkipException: Not verified using this TCK.
	at org.reactivestreams.tck.SubscriberWhiteboxVerification.notVerified(SubscriberWhiteboxVerification.java:779)
	at org.reactivestreams.tck.SubscriberWhiteboxVerification.untested_spec207_mustEnsureAllCallsOnItsSubscriptionTakePlaceFromTheSameThreadOrTakeCareOfSynchronization(SubscriberWhiteboxVerification.java:246)
	at sun.reflect.NativeMethodAccessorImpl.invoke0(Native Method)
	at sun.reflect.NativeMethodAccessorImpl.invoke(NativeMethodAccessorImpl.java:62)
	at sun.reflect.DelegatingMethodAccessorImpl.invoke(DelegatingMethodAccessorImpl.java:43)
	at java.lang.reflect.Method.invoke(Method.java:497)
	at org.testng.internal.MethodInvocationHelper.invokeMethod(MethodInvocationHelper.java:74)
	at org.testng.internal.Invoker.invokeMethod(Invoker.java:673)
	at org.testng.internal.Invoker.invokeTestMethod(Invoker.java:846)
	at org.testng.internal.Invoker.invokeTestMethods(Invoker.java:1170)
	at org.testng.internal.TestMethodWorker.invokeTestMethods(TestMethodWorker.java:125)
	at org.testng.internal.TestMethodWorker.run(TestMethodWorker.java:109)
	at org.testng.TestRunner.runWorkers(TestRunner.java:1147)
	at org.testng.TestRunner.privateRun(TestRunner.java:749)
	at org.testng.TestRunner.run(TestRunner.java:600)
	at org.testng.SuiteRunner.runTest(SuiteRunner.java:317)
	at org.testng.SuiteRunner.runSequentially(SuiteRunner.java:312)
	at org.testng.SuiteRunner.privateRun(SuiteRunner.java:274)
	at org.testng.SuiteRunner.run(SuiteRunner.java:223)
	at org.testng.SuiteRunnerWorker.runSuite(SuiteRunnerWorker.java:52)
	at org.testng.SuiteRunnerWorker.run(SuiteRunnerWorker.java:86)
	at org.testng.TestNG.runSuitesSequentially(TestNG.java:1039)
	at org.testng.TestNG.runSuitesLocally(TestNG.java:964)
	at org.testng.TestNG.run(TestNG.java:900)
	at org.testng.remote.RemoteTestNG.run(RemoteTestNG.java:110)
	at org.testng.remote.RemoteTestNG.initAndRun(RemoteTestNG.java:205)
	at org.testng.remote.RemoteTestNG.main(RemoteTestNG.java:174)
</pre></div></td>
<td>0</td>
<td>com.aol.cyclops.javaslang.reactivestreams.javaslang.TckWhiteBoxSubscriberTest@387c703b</td></tr>
<tr>
<td title='com.aol.cyclops.javaslang.reactivestreams.javaslang.TckWhiteBoxSubscriberTest.untested_spec211_mustMakeSureThatAllCallsOnItsMethodsHappenBeforeTheProcessingOfTheRespectiveEvents()'><b>untested_spec211_mustMakeSureThatAllCallsOnItsMethodsHappenBeforeTheProcessingOfTheRespectiveEvents</b><br>Test class: com.aol.cyclops.javaslang.reactivestreams.javaslang.TckWhiteBoxSubscriberTest</td>
<td><div><pre>org.testng.SkipException: Not verified using this TCK.
	at org.reactivestreams.tck.SubscriberWhiteboxVerification.notVerified(SubscriberWhiteboxVerification.java:779)
	at org.reactivestreams.tck.SubscriberWhiteboxVerification.untested_spec211_mustMakeSureThatAllCallsOnItsMethodsHappenBeforeTheProcessingOfTheRespectiveEvents(SubscriberWhiteboxVerification.java:333)
	at sun.reflect.NativeMethodAccessorImpl.invoke0(Native Method)
	at sun.reflect.NativeMethodAccessorImpl.invoke(NativeMethodAccessorImpl.java:62)
	at sun.reflect.DelegatingMethodAccessorImpl.invoke(DelegatingMethodAccessorImpl.java:43)
	at java.lang.reflect.Method.invoke(Method.java:497)
	at org.testng.internal.MethodInvocationHelper.invokeMethod(MethodInvocationHelper.java:74)
	at org.testng.internal.Invoker.invokeMethod(Invoker.java:673)
	at org.testng.internal.Invoker.invokeTestMethod(Invoker.java:846)
	at org.testng.internal.Invoker.invokeTestMethods(Invoker.java:1170)
	at org.testng.internal.TestMethodWorker.invokeTestMethods(TestMethodWorker.java:125)
	at org.testng.internal.TestMethodWorker.run(TestMethodWorker.java:109)
	at org.testng.TestRunner.runWorkers(TestRunner.java:1147)
	at org.testng.TestRunner.privateRun(TestRunner.java:749)
	at org.testng.TestRunner.run(TestRunner.java:600)
	at org.testng.SuiteRunner.runTest(SuiteRunner.java:317)
	at org.testng.SuiteRunner.runSequentially(SuiteRunner.java:312)
	at org.testng.SuiteRunner.privateRun(SuiteRunner.java:274)
	at org.testng.SuiteRunner.run(SuiteRunner.java:223)
	at org.testng.SuiteRunnerWorker.runSuite(SuiteRunnerWorker.java:52)
	at org.testng.SuiteRunnerWorker.run(SuiteRunnerWorker.java:86)
	at org.testng.TestNG.runSuitesSequentially(TestNG.java:1039)
	at org.testng.TestNG.runSuitesLocally(TestNG.java:964)
	at org.testng.TestNG.run(TestNG.java:900)
	at org.testng.remote.RemoteTestNG.run(RemoteTestNG.java:110)
	at org.testng.remote.RemoteTestNG.initAndRun(RemoteTestNG.java:205)
	at org.testng.remote.RemoteTestNG.main(RemoteTestNG.java:174)
</pre></div><a href='#' onClick='toggleBox("stack-trace1522311648", this, "Click to show all stack frames", "Click to hide stack frames")'>Click to show all stack frames</a>
<div class='stack-trace' id='stack-trace1522311648'><pre>org.testng.SkipException: Not verified using this TCK.
	at org.reactivestreams.tck.SubscriberWhiteboxVerification.notVerified(SubscriberWhiteboxVerification.java:779)
	at org.reactivestreams.tck.SubscriberWhiteboxVerification.untested_spec211_mustMakeSureThatAllCallsOnItsMethodsHappenBeforeTheProcessingOfTheRespectiveEvents(SubscriberWhiteboxVerification.java:333)
	at sun.reflect.NativeMethodAccessorImpl.invoke0(Native Method)
	at sun.reflect.NativeMethodAccessorImpl.invoke(NativeMethodAccessorImpl.java:62)
	at sun.reflect.DelegatingMethodAccessorImpl.invoke(DelegatingMethodAccessorImpl.java:43)
	at java.lang.reflect.Method.invoke(Method.java:497)
	at org.testng.internal.MethodInvocationHelper.invokeMethod(MethodInvocationHelper.java:74)
	at org.testng.internal.Invoker.invokeMethod(Invoker.java:673)
	at org.testng.internal.Invoker.invokeTestMethod(Invoker.java:846)
	at org.testng.internal.Invoker.invokeTestMethods(Invoker.java:1170)
	at org.testng.internal.TestMethodWorker.invokeTestMethods(TestMethodWorker.java:125)
	at org.testng.internal.TestMethodWorker.run(TestMethodWorker.java:109)
	at org.testng.TestRunner.runWorkers(TestRunner.java:1147)
	at org.testng.TestRunner.privateRun(TestRunner.java:749)
	at org.testng.TestRunner.run(TestRunner.java:600)
	at org.testng.SuiteRunner.runTest(SuiteRunner.java:317)
	at org.testng.SuiteRunner.runSequentially(SuiteRunner.java:312)
	at org.testng.SuiteRunner.privateRun(SuiteRunner.java:274)
	at org.testng.SuiteRunner.run(SuiteRunner.java:223)
	at org.testng.SuiteRunnerWorker.runSuite(SuiteRunnerWorker.java:52)
	at org.testng.SuiteRunnerWorker.run(SuiteRunnerWorker.java:86)
	at org.testng.TestNG.runSuitesSequentially(TestNG.java:1039)
	at org.testng.TestNG.runSuitesLocally(TestNG.java:964)
	at org.testng.TestNG.run(TestNG.java:900)
	at org.testng.remote.RemoteTestNG.run(RemoteTestNG.java:110)
	at org.testng.remote.RemoteTestNG.initAndRun(RemoteTestNG.java:205)
	at org.testng.remote.RemoteTestNG.main(RemoteTestNG.java:174)
</pre></div></td>
<td>0</td>
<td>com.aol.cyclops.javaslang.reactivestreams.javaslang.TckWhiteBoxSubscriberTest@387c703b</td></tr>
<tr>
<td title='com.aol.cyclops.javaslang.reactivestreams.javaslang.TckWhiteBoxSubscriberTest.untested_spec212_mustNotCallOnSubscribeMoreThanOnceBasedOnObjectEquality_specViolation()'><b>untested_spec212_mustNotCallOnSubscribeMoreThanOnceBasedOnObjectEquality_specViolation</b><br>Test class: com.aol.cyclops.javaslang.reactivestreams.javaslang.TckWhiteBoxSubscriberTest</td>
<td><div><pre>org.testng.SkipException: Not verified using this TCK.
	at org.reactivestreams.tck.SubscriberWhiteboxVerification.notVerified(SubscriberWhiteboxVerification.java:779)
	at org.reactivestreams.tck.SubscriberWhiteboxVerification.untested_spec212_mustNotCallOnSubscribeMoreThanOnceBasedOnObjectEquality_specViolation(SubscriberWhiteboxVerification.java:339)
	at sun.reflect.NativeMethodAccessorImpl.invoke0(Native Method)
	at sun.reflect.NativeMethodAccessorImpl.invoke(NativeMethodAccessorImpl.java:62)
	at sun.reflect.DelegatingMethodAccessorImpl.invoke(DelegatingMethodAccessorImpl.java:43)
	at java.lang.reflect.Method.invoke(Method.java:497)
	at org.testng.internal.MethodInvocationHelper.invokeMethod(MethodInvocationHelper.java:74)
	at org.testng.internal.Invoker.invokeMethod(Invoker.java:673)
	at org.testng.internal.Invoker.invokeTestMethod(Invoker.java:846)
	at org.testng.internal.Invoker.invokeTestMethods(Invoker.java:1170)
	at org.testng.internal.TestMethodWorker.invokeTestMethods(TestMethodWorker.java:125)
	at org.testng.internal.TestMethodWorker.run(TestMethodWorker.java:109)
	at org.testng.TestRunner.runWorkers(TestRunner.java:1147)
	at org.testng.TestRunner.privateRun(TestRunner.java:749)
	at org.testng.TestRunner.run(TestRunner.java:600)
	at org.testng.SuiteRunner.runTest(SuiteRunner.java:317)
	at org.testng.SuiteRunner.runSequentially(SuiteRunner.java:312)
	at org.testng.SuiteRunner.privateRun(SuiteRunner.java:274)
	at org.testng.SuiteRunner.run(SuiteRunner.java:223)
	at org.testng.SuiteRunnerWorker.runSuite(SuiteRunnerWorker.java:52)
	at org.testng.SuiteRunnerWorker.run(SuiteRunnerWorker.java:86)
	at org.testng.TestNG.runSuitesSequentially(TestNG.java:1039)
	at org.testng.TestNG.runSuitesLocally(TestNG.java:964)
	at org.testng.TestNG.run(TestNG.java:900)
	at org.testng.remote.RemoteTestNG.run(RemoteTestNG.java:110)
	at org.testng.remote.RemoteTestNG.initAndRun(RemoteTestNG.java:205)
	at org.testng.remote.RemoteTestNG.main(RemoteTestNG.java:174)
</pre></div><a href='#' onClick='toggleBox("stack-trace1383547042", this, "Click to show all stack frames", "Click to hide stack frames")'>Click to show all stack frames</a>
<div class='stack-trace' id='stack-trace1383547042'><pre>org.testng.SkipException: Not verified using this TCK.
	at org.reactivestreams.tck.SubscriberWhiteboxVerification.notVerified(SubscriberWhiteboxVerification.java:779)
	at org.reactivestreams.tck.SubscriberWhiteboxVerification.untested_spec212_mustNotCallOnSubscribeMoreThanOnceBasedOnObjectEquality_specViolation(SubscriberWhiteboxVerification.java:339)
	at sun.reflect.NativeMethodAccessorImpl.invoke0(Native Method)
	at sun.reflect.NativeMethodAccessorImpl.invoke(NativeMethodAccessorImpl.java:62)
	at sun.reflect.DelegatingMethodAccessorImpl.invoke(DelegatingMethodAccessorImpl.java:43)
	at java.lang.reflect.Method.invoke(Method.java:497)
	at org.testng.internal.MethodInvocationHelper.invokeMethod(MethodInvocationHelper.java:74)
	at org.testng.internal.Invoker.invokeMethod(Invoker.java:673)
	at org.testng.internal.Invoker.invokeTestMethod(Invoker.java:846)
	at org.testng.internal.Invoker.invokeTestMethods(Invoker.java:1170)
	at org.testng.internal.TestMethodWorker.invokeTestMethods(TestMethodWorker.java:125)
	at org.testng.internal.TestMethodWorker.run(TestMethodWorker.java:109)
	at org.testng.TestRunner.runWorkers(TestRunner.java:1147)
	at org.testng.TestRunner.privateRun(TestRunner.java:749)
	at org.testng.TestRunner.run(TestRunner.java:600)
	at org.testng.SuiteRunner.runTest(SuiteRunner.java:317)
	at org.testng.SuiteRunner.runSequentially(SuiteRunner.java:312)
	at org.testng.SuiteRunner.privateRun(SuiteRunner.java:274)
	at org.testng.SuiteRunner.run(SuiteRunner.java:223)
	at org.testng.SuiteRunnerWorker.runSuite(SuiteRunnerWorker.java:52)
	at org.testng.SuiteRunnerWorker.run(SuiteRunnerWorker.java:86)
	at org.testng.TestNG.runSuitesSequentially(TestNG.java:1039)
	at org.testng.TestNG.runSuitesLocally(TestNG.java:964)
	at org.testng.TestNG.run(TestNG.java:900)
	at org.testng.remote.RemoteTestNG.run(RemoteTestNG.java:110)
	at org.testng.remote.RemoteTestNG.initAndRun(RemoteTestNG.java:205)
	at org.testng.remote.RemoteTestNG.main(RemoteTestNG.java:174)
</pre></div></td>
<td>0</td>
<td>com.aol.cyclops.javaslang.reactivestreams.javaslang.TckWhiteBoxSubscriberTest@387c703b</td></tr>
<tr>
<td title='com.aol.cyclops.javaslang.reactivestreams.javaslang.TckWhiteBoxSubscriberTest.untested_spec213_failingOnSignalInvocation()'><b>untested_spec213_failingOnSignalInvocation</b><br>Test class: com.aol.cyclops.javaslang.reactivestreams.javaslang.TckWhiteBoxSubscriberTest</td>
<td><div><pre>org.testng.SkipException: Not verified using this TCK.
	at org.reactivestreams.tck.SubscriberWhiteboxVerification.notVerified(SubscriberWhiteboxVerification.java:779)
	at org.reactivestreams.tck.SubscriberWhiteboxVerification.untested_spec213_failingOnSignalInvocation(SubscriberWhiteboxVerification.java:345)
	at sun.reflect.NativeMethodAccessorImpl.invoke0(Native Method)
	at sun.reflect.NativeMethodAccessorImpl.invoke(NativeMethodAccessorImpl.java:62)
	at sun.reflect.DelegatingMethodAccessorImpl.invoke(DelegatingMethodAccessorImpl.java:43)
	at java.lang.reflect.Method.invoke(Method.java:497)
	at org.testng.internal.MethodInvocationHelper.invokeMethod(MethodInvocationHelper.java:74)
	at org.testng.internal.Invoker.invokeMethod(Invoker.java:673)
	at org.testng.internal.Invoker.invokeTestMethod(Invoker.java:846)
	at org.testng.internal.Invoker.invokeTestMethods(Invoker.java:1170)
	at org.testng.internal.TestMethodWorker.invokeTestMethods(TestMethodWorker.java:125)
	at org.testng.internal.TestMethodWorker.run(TestMethodWorker.java:109)
	at org.testng.TestRunner.runWorkers(TestRunner.java:1147)
	at org.testng.TestRunner.privateRun(TestRunner.java:749)
	at org.testng.TestRunner.run(TestRunner.java:600)
	at org.testng.SuiteRunner.runTest(SuiteRunner.java:317)
	at org.testng.SuiteRunner.runSequentially(SuiteRunner.java:312)
	at org.testng.SuiteRunner.privateRun(SuiteRunner.java:274)
	at org.testng.SuiteRunner.run(SuiteRunner.java:223)
	at org.testng.SuiteRunnerWorker.runSuite(SuiteRunnerWorker.java:52)
	at org.testng.SuiteRunnerWorker.run(SuiteRunnerWorker.java:86)
	at org.testng.TestNG.runSuitesSequentially(TestNG.java:1039)
	at org.testng.TestNG.runSuitesLocally(TestNG.java:964)
	at org.testng.TestNG.run(TestNG.java:900)
	at org.testng.remote.RemoteTestNG.run(RemoteTestNG.java:110)
	at org.testng.remote.RemoteTestNG.initAndRun(RemoteTestNG.java:205)
	at org.testng.remote.RemoteTestNG.main(RemoteTestNG.java:174)
</pre></div><a href='#' onClick='toggleBox("stack-trace1604125387", this, "Click to show all stack frames", "Click to hide stack frames")'>Click to show all stack frames</a>
<div class='stack-trace' id='stack-trace1604125387'><pre>org.testng.SkipException: Not verified using this TCK.
	at org.reactivestreams.tck.SubscriberWhiteboxVerification.notVerified(SubscriberWhiteboxVerification.java:779)
	at org.reactivestreams.tck.SubscriberWhiteboxVerification.untested_spec213_failingOnSignalInvocation(SubscriberWhiteboxVerification.java:345)
	at sun.reflect.NativeMethodAccessorImpl.invoke0(Native Method)
	at sun.reflect.NativeMethodAccessorImpl.invoke(NativeMethodAccessorImpl.java:62)
	at sun.reflect.DelegatingMethodAccessorImpl.invoke(DelegatingMethodAccessorImpl.java:43)
	at java.lang.reflect.Method.invoke(Method.java:497)
	at org.testng.internal.MethodInvocationHelper.invokeMethod(MethodInvocationHelper.java:74)
	at org.testng.internal.Invoker.invokeMethod(Invoker.java:673)
	at org.testng.internal.Invoker.invokeTestMethod(Invoker.java:846)
	at org.testng.internal.Invoker.invokeTestMethods(Invoker.java:1170)
	at org.testng.internal.TestMethodWorker.invokeTestMethods(TestMethodWorker.java:125)
	at org.testng.internal.TestMethodWorker.run(TestMethodWorker.java:109)
	at org.testng.TestRunner.runWorkers(TestRunner.java:1147)
	at org.testng.TestRunner.privateRun(TestRunner.java:749)
	at org.testng.TestRunner.run(TestRunner.java:600)
	at org.testng.SuiteRunner.runTest(SuiteRunner.java:317)
	at org.testng.SuiteRunner.runSequentially(SuiteRunner.java:312)
	at org.testng.SuiteRunner.privateRun(SuiteRunner.java:274)
	at org.testng.SuiteRunner.run(SuiteRunner.java:223)
	at org.testng.SuiteRunnerWorker.runSuite(SuiteRunnerWorker.java:52)
	at org.testng.SuiteRunnerWorker.run(SuiteRunnerWorker.java:86)
	at org.testng.TestNG.runSuitesSequentially(TestNG.java:1039)
	at org.testng.TestNG.runSuitesLocally(TestNG.java:964)
	at org.testng.TestNG.run(TestNG.java:900)
	at org.testng.remote.RemoteTestNG.run(RemoteTestNG.java:110)
	at org.testng.remote.RemoteTestNG.initAndRun(RemoteTestNG.java:205)
	at org.testng.remote.RemoteTestNG.main(RemoteTestNG.java:174)
</pre></div></td>
<td>0</td>
<td>com.aol.cyclops.javaslang.reactivestreams.javaslang.TckWhiteBoxSubscriberTest@387c703b</td></tr>
<tr>
<td title='com.aol.cyclops.javaslang.reactivestreams.javaslang.TckWhiteBoxSubscriberTest.untested_spec301_mustNotBeCalledOutsideSubscriberContext()'><b>untested_spec301_mustNotBeCalledOutsideSubscriberContext</b><br>Test class: com.aol.cyclops.javaslang.reactivestreams.javaslang.TckWhiteBoxSubscriberTest</td>
<td><div><pre>org.testng.SkipException: Not verified using this TCK.
	at org.reactivestreams.tck.SubscriberWhiteboxVerification.notVerified(SubscriberWhiteboxVerification.java:779)
	at org.reactivestreams.tck.SubscriberWhiteboxVerification.untested_spec301_mustNotBeCalledOutsideSubscriberContext(SubscriberWhiteboxVerification.java:418)
	at sun.reflect.NativeMethodAccessorImpl.invoke0(Native Method)
	at sun.reflect.NativeMethodAccessorImpl.invoke(NativeMethodAccessorImpl.java:62)
	at sun.reflect.DelegatingMethodAccessorImpl.invoke(DelegatingMethodAccessorImpl.java:43)
	at java.lang.reflect.Method.invoke(Method.java:497)
	at org.testng.internal.MethodInvocationHelper.invokeMethod(MethodInvocationHelper.java:74)
	at org.testng.internal.Invoker.invokeMethod(Invoker.java:673)
	at org.testng.internal.Invoker.invokeTestMethod(Invoker.java:846)
	at org.testng.internal.Invoker.invokeTestMethods(Invoker.java:1170)
	at org.testng.internal.TestMethodWorker.invokeTestMethods(TestMethodWorker.java:125)
	at org.testng.internal.TestMethodWorker.run(TestMethodWorker.java:109)
	at org.testng.TestRunner.runWorkers(TestRunner.java:1147)
	at org.testng.TestRunner.privateRun(TestRunner.java:749)
	at org.testng.TestRunner.run(TestRunner.java:600)
	at org.testng.SuiteRunner.runTest(SuiteRunner.java:317)
	at org.testng.SuiteRunner.runSequentially(SuiteRunner.java:312)
	at org.testng.SuiteRunner.privateRun(SuiteRunner.java:274)
	at org.testng.SuiteRunner.run(SuiteRunner.java:223)
	at org.testng.SuiteRunnerWorker.runSuite(SuiteRunnerWorker.java:52)
	at org.testng.SuiteRunnerWorker.run(SuiteRunnerWorker.java:86)
	at org.testng.TestNG.runSuitesSequentially(TestNG.java:1039)
	at org.testng.TestNG.runSuitesLocally(TestNG.java:964)
	at org.testng.TestNG.run(TestNG.java:900)
	at org.testng.remote.RemoteTestNG.run(RemoteTestNG.java:110)
	at org.testng.remote.RemoteTestNG.initAndRun(RemoteTestNG.java:205)
	at org.testng.remote.RemoteTestNG.main(RemoteTestNG.java:174)
</pre></div><a href='#' onClick='toggleBox("stack-trace1376400422", this, "Click to show all stack frames", "Click to hide stack frames")'>Click to show all stack frames</a>
<div class='stack-trace' id='stack-trace1376400422'><pre>org.testng.SkipException: Not verified using this TCK.
	at org.reactivestreams.tck.SubscriberWhiteboxVerification.notVerified(SubscriberWhiteboxVerification.java:779)
	at org.reactivestreams.tck.SubscriberWhiteboxVerification.untested_spec301_mustNotBeCalledOutsideSubscriberContext(SubscriberWhiteboxVerification.java:418)
	at sun.reflect.NativeMethodAccessorImpl.invoke0(Native Method)
	at sun.reflect.NativeMethodAccessorImpl.invoke(NativeMethodAccessorImpl.java:62)
	at sun.reflect.DelegatingMethodAccessorImpl.invoke(DelegatingMethodAccessorImpl.java:43)
	at java.lang.reflect.Method.invoke(Method.java:497)
	at org.testng.internal.MethodInvocationHelper.invokeMethod(MethodInvocationHelper.java:74)
	at org.testng.internal.Invoker.invokeMethod(Invoker.java:673)
	at org.testng.internal.Invoker.invokeTestMethod(Invoker.java:846)
	at org.testng.internal.Invoker.invokeTestMethods(Invoker.java:1170)
	at org.testng.internal.TestMethodWorker.invokeTestMethods(TestMethodWorker.java:125)
	at org.testng.internal.TestMethodWorker.run(TestMethodWorker.java:109)
	at org.testng.TestRunner.runWorkers(TestRunner.java:1147)
	at org.testng.TestRunner.privateRun(TestRunner.java:749)
	at org.testng.TestRunner.run(TestRunner.java:600)
	at org.testng.SuiteRunner.runTest(SuiteRunner.java:317)
	at org.testng.SuiteRunner.runSequentially(SuiteRunner.java:312)
	at org.testng.SuiteRunner.privateRun(SuiteRunner.java:274)
	at org.testng.SuiteRunner.run(SuiteRunner.java:223)
	at org.testng.SuiteRunnerWorker.runSuite(SuiteRunnerWorker.java:52)
	at org.testng.SuiteRunnerWorker.run(SuiteRunnerWorker.java:86)
	at org.testng.TestNG.runSuitesSequentially(TestNG.java:1039)
	at org.testng.TestNG.runSuitesLocally(TestNG.java:964)
	at org.testng.TestNG.run(TestNG.java:900)
	at org.testng.remote.RemoteTestNG.run(RemoteTestNG.java:110)
	at org.testng.remote.RemoteTestNG.initAndRun(RemoteTestNG.java:205)
	at org.testng.remote.RemoteTestNG.main(RemoteTestNG.java:174)
</pre></div></td>
<td>0</td>
<td>com.aol.cyclops.javaslang.reactivestreams.javaslang.TckWhiteBoxSubscriberTest@387c703b</td></tr>
<tr>
<td title='com.aol.cyclops.javaslang.reactivestreams.javaslang.TckWhiteBoxSubscriberTest.untested_spec310_requestMaySynchronouslyCallOnNextOnSubscriber()'><b>untested_spec310_requestMaySynchronouslyCallOnNextOnSubscriber</b><br>Test class: com.aol.cyclops.javaslang.reactivestreams.javaslang.TckWhiteBoxSubscriberTest</td>
<td><div><pre>org.testng.SkipException: Not verified using this TCK.
	at org.reactivestreams.tck.SubscriberWhiteboxVerification.notVerified(SubscriberWhiteboxVerification.java:779)
	at org.reactivestreams.tck.SubscriberWhiteboxVerification.untested_spec310_requestMaySynchronouslyCallOnNextOnSubscriber(SubscriberWhiteboxVerification.java:442)
	at sun.reflect.NativeMethodAccessorImpl.invoke0(Native Method)
	at sun.reflect.NativeMethodAccessorImpl.invoke(NativeMethodAccessorImpl.java:62)
	at sun.reflect.DelegatingMethodAccessorImpl.invoke(DelegatingMethodAccessorImpl.java:43)
	at java.lang.reflect.Method.invoke(Method.java:497)
	at org.testng.internal.MethodInvocationHelper.invokeMethod(MethodInvocationHelper.java:74)
	at org.testng.internal.Invoker.invokeMethod(Invoker.java:673)
	at org.testng.internal.Invoker.invokeTestMethod(Invoker.java:846)
	at org.testng.internal.Invoker.invokeTestMethods(Invoker.java:1170)
	at org.testng.internal.TestMethodWorker.invokeTestMethods(TestMethodWorker.java:125)
	at org.testng.internal.TestMethodWorker.run(TestMethodWorker.java:109)
	at org.testng.TestRunner.runWorkers(TestRunner.java:1147)
	at org.testng.TestRunner.privateRun(TestRunner.java:749)
	at org.testng.TestRunner.run(TestRunner.java:600)
	at org.testng.SuiteRunner.runTest(SuiteRunner.java:317)
	at org.testng.SuiteRunner.runSequentially(SuiteRunner.java:312)
	at org.testng.SuiteRunner.privateRun(SuiteRunner.java:274)
	at org.testng.SuiteRunner.run(SuiteRunner.java:223)
	at org.testng.SuiteRunnerWorker.runSuite(SuiteRunnerWorker.java:52)
	at org.testng.SuiteRunnerWorker.run(SuiteRunnerWorker.java:86)
	at org.testng.TestNG.runSuitesSequentially(TestNG.java:1039)
	at org.testng.TestNG.runSuitesLocally(TestNG.java:964)
	at org.testng.TestNG.run(TestNG.java:900)
	at org.testng.remote.RemoteTestNG.run(RemoteTestNG.java:110)
	at org.testng.remote.RemoteTestNG.initAndRun(RemoteTestNG.java:205)
	at org.testng.remote.RemoteTestNG.main(RemoteTestNG.java:174)
</pre></div><a href='#' onClick='toggleBox("stack-trace1864350231", this, "Click to show all stack frames", "Click to hide stack frames")'>Click to show all stack frames</a>
<div class='stack-trace' id='stack-trace1864350231'><pre>org.testng.SkipException: Not verified using this TCK.
	at org.reactivestreams.tck.SubscriberWhiteboxVerification.notVerified(SubscriberWhiteboxVerification.java:779)
	at org.reactivestreams.tck.SubscriberWhiteboxVerification.untested_spec310_requestMaySynchronouslyCallOnNextOnSubscriber(SubscriberWhiteboxVerification.java:442)
	at sun.reflect.NativeMethodAccessorImpl.invoke0(Native Method)
	at sun.reflect.NativeMethodAccessorImpl.invoke(NativeMethodAccessorImpl.java:62)
	at sun.reflect.DelegatingMethodAccessorImpl.invoke(DelegatingMethodAccessorImpl.java:43)
	at java.lang.reflect.Method.invoke(Method.java:497)
	at org.testng.internal.MethodInvocationHelper.invokeMethod(MethodInvocationHelper.java:74)
	at org.testng.internal.Invoker.invokeMethod(Invoker.java:673)
	at org.testng.internal.Invoker.invokeTestMethod(Invoker.java:846)
	at org.testng.internal.Invoker.invokeTestMethods(Invoker.java:1170)
	at org.testng.internal.TestMethodWorker.invokeTestMethods(TestMethodWorker.java:125)
	at org.testng.internal.TestMethodWorker.run(TestMethodWorker.java:109)
	at org.testng.TestRunner.runWorkers(TestRunner.java:1147)
	at org.testng.TestRunner.privateRun(TestRunner.java:749)
	at org.testng.TestRunner.run(TestRunner.java:600)
	at org.testng.SuiteRunner.runTest(SuiteRunner.java:317)
	at org.testng.SuiteRunner.runSequentially(SuiteRunner.java:312)
	at org.testng.SuiteRunner.privateRun(SuiteRunner.java:274)
	at org.testng.SuiteRunner.run(SuiteRunner.java:223)
	at org.testng.SuiteRunnerWorker.runSuite(SuiteRunnerWorker.java:52)
	at org.testng.SuiteRunnerWorker.run(SuiteRunnerWorker.java:86)
	at org.testng.TestNG.runSuitesSequentially(TestNG.java:1039)
	at org.testng.TestNG.runSuitesLocally(TestNG.java:964)
	at org.testng.TestNG.run(TestNG.java:900)
	at org.testng.remote.RemoteTestNG.run(RemoteTestNG.java:110)
	at org.testng.remote.RemoteTestNG.initAndRun(RemoteTestNG.java:205)
	at org.testng.remote.RemoteTestNG.main(RemoteTestNG.java:174)
</pre></div></td>
<td>0</td>
<td>com.aol.cyclops.javaslang.reactivestreams.javaslang.TckWhiteBoxSubscriberTest@387c703b</td></tr>
<tr>
<td title='com.aol.cyclops.javaslang.reactivestreams.javaslang.TckWhiteBoxSubscriberTest.untested_spec311_requestMaySynchronouslyCallOnCompleteOrOnError()'><b>untested_spec311_requestMaySynchronouslyCallOnCompleteOrOnError</b><br>Test class: com.aol.cyclops.javaslang.reactivestreams.javaslang.TckWhiteBoxSubscriberTest</td>
<td><div><pre>org.testng.SkipException: Not verified using this TCK.
	at org.reactivestreams.tck.SubscriberWhiteboxVerification.notVerified(SubscriberWhiteboxVerification.java:779)
	at org.reactivestreams.tck.SubscriberWhiteboxVerification.untested_spec311_requestMaySynchronouslyCallOnCompleteOrOnError(SubscriberWhiteboxVerification.java:448)
	at sun.reflect.NativeMethodAccessorImpl.invoke0(Native Method)
	at sun.reflect.NativeMethodAccessorImpl.invoke(NativeMethodAccessorImpl.java:62)
	at sun.reflect.DelegatingMethodAccessorImpl.invoke(DelegatingMethodAccessorImpl.java:43)
	at java.lang.reflect.Method.invoke(Method.java:497)
	at org.testng.internal.MethodInvocationHelper.invokeMethod(MethodInvocationHelper.java:74)
	at org.testng.internal.Invoker.invokeMethod(Invoker.java:673)
	at org.testng.internal.Invoker.invokeTestMethod(Invoker.java:846)
	at org.testng.internal.Invoker.invokeTestMethods(Invoker.java:1170)
	at org.testng.internal.TestMethodWorker.invokeTestMethods(TestMethodWorker.java:125)
	at org.testng.internal.TestMethodWorker.run(TestMethodWorker.java:109)
	at org.testng.TestRunner.runWorkers(TestRunner.java:1147)
	at org.testng.TestRunner.privateRun(TestRunner.java:749)
	at org.testng.TestRunner.run(TestRunner.java:600)
	at org.testng.SuiteRunner.runTest(SuiteRunner.java:317)
	at org.testng.SuiteRunner.runSequentially(SuiteRunner.java:312)
	at org.testng.SuiteRunner.privateRun(SuiteRunner.java:274)
	at org.testng.SuiteRunner.run(SuiteRunner.java:223)
	at org.testng.SuiteRunnerWorker.runSuite(SuiteRunnerWorker.java:52)
	at org.testng.SuiteRunnerWorker.run(SuiteRunnerWorker.java:86)
	at org.testng.TestNG.runSuitesSequentially(TestNG.java:1039)
	at org.testng.TestNG.runSuitesLocally(TestNG.java:964)
	at org.testng.TestNG.run(TestNG.java:900)
	at org.testng.remote.RemoteTestNG.run(RemoteTestNG.java:110)
	at org.testng.remote.RemoteTestNG.initAndRun(RemoteTestNG.java:205)
	at org.testng.remote.RemoteTestNG.main(RemoteTestNG.java:174)
</pre></div><a href='#' onClick='toggleBox("stack-trace553871028", this, "Click to show all stack frames", "Click to hide stack frames")'>Click to show all stack frames</a>
<div class='stack-trace' id='stack-trace553871028'><pre>org.testng.SkipException: Not verified using this TCK.
	at org.reactivestreams.tck.SubscriberWhiteboxVerification.notVerified(SubscriberWhiteboxVerification.java:779)
	at org.reactivestreams.tck.SubscriberWhiteboxVerification.untested_spec311_requestMaySynchronouslyCallOnCompleteOrOnError(SubscriberWhiteboxVerification.java:448)
	at sun.reflect.NativeMethodAccessorImpl.invoke0(Native Method)
	at sun.reflect.NativeMethodAccessorImpl.invoke(NativeMethodAccessorImpl.java:62)
	at sun.reflect.DelegatingMethodAccessorImpl.invoke(DelegatingMethodAccessorImpl.java:43)
	at java.lang.reflect.Method.invoke(Method.java:497)
	at org.testng.internal.MethodInvocationHelper.invokeMethod(MethodInvocationHelper.java:74)
	at org.testng.internal.Invoker.invokeMethod(Invoker.java:673)
	at org.testng.internal.Invoker.invokeTestMethod(Invoker.java:846)
	at org.testng.internal.Invoker.invokeTestMethods(Invoker.java:1170)
	at org.testng.internal.TestMethodWorker.invokeTestMethods(TestMethodWorker.java:125)
	at org.testng.internal.TestMethodWorker.run(TestMethodWorker.java:109)
	at org.testng.TestRunner.runWorkers(TestRunner.java:1147)
	at org.testng.TestRunner.privateRun(TestRunner.java:749)
	at org.testng.TestRunner.run(TestRunner.java:600)
	at org.testng.SuiteRunner.runTest(SuiteRunner.java:317)
	at org.testng.SuiteRunner.runSequentially(SuiteRunner.java:312)
	at org.testng.SuiteRunner.privateRun(SuiteRunner.java:274)
	at org.testng.SuiteRunner.run(SuiteRunner.java:223)
	at org.testng.SuiteRunnerWorker.runSuite(SuiteRunnerWorker.java:52)
	at org.testng.SuiteRunnerWorker.run(SuiteRunnerWorker.java:86)
	at org.testng.TestNG.runSuitesSequentially(TestNG.java:1039)
	at org.testng.TestNG.runSuitesLocally(TestNG.java:964)
	at org.testng.TestNG.run(TestNG.java:900)
	at org.testng.remote.RemoteTestNG.run(RemoteTestNG.java:110)
	at org.testng.remote.RemoteTestNG.initAndRun(RemoteTestNG.java:205)
	at org.testng.remote.RemoteTestNG.main(RemoteTestNG.java:174)
</pre></div></td>
<td>0</td>
<td>com.aol.cyclops.javaslang.reactivestreams.javaslang.TckWhiteBoxSubscriberTest@387c703b</td></tr>
<tr>
<td title='com.aol.cyclops.javaslang.reactivestreams.javaslang.TckWhiteBoxSubscriberTest.untested_spec314_cancelMayCauseThePublisherToShutdownIfNoOtherSubscriptionExists()'><b>untested_spec314_cancelMayCauseThePublisherToShutdownIfNoOtherSubscriptionExists</b><br>Test class: com.aol.cyclops.javaslang.reactivestreams.javaslang.TckWhiteBoxSubscriberTest</td>
<td><div><pre>org.testng.SkipException: Not verified using this TCK.
	at org.reactivestreams.tck.SubscriberWhiteboxVerification.notVerified(SubscriberWhiteboxVerification.java:779)
	at org.reactivestreams.tck.SubscriberWhiteboxVerification.untested_spec314_cancelMayCauseThePublisherToShutdownIfNoOtherSubscriptionExists(SubscriberWhiteboxVerification.java:454)
	at sun.reflect.NativeMethodAccessorImpl.invoke0(Native Method)
	at sun.reflect.NativeMethodAccessorImpl.invoke(NativeMethodAccessorImpl.java:62)
	at sun.reflect.DelegatingMethodAccessorImpl.invoke(DelegatingMethodAccessorImpl.java:43)
	at java.lang.reflect.Method.invoke(Method.java:497)
	at org.testng.internal.MethodInvocationHelper.invokeMethod(MethodInvocationHelper.java:74)
	at org.testng.internal.Invoker.invokeMethod(Invoker.java:673)
	at org.testng.internal.Invoker.invokeTestMethod(Invoker.java:846)
	at org.testng.internal.Invoker.invokeTestMethods(Invoker.java:1170)
	at org.testng.internal.TestMethodWorker.invokeTestMethods(TestMethodWorker.java:125)
	at org.testng.internal.TestMethodWorker.run(TestMethodWorker.java:109)
	at org.testng.TestRunner.runWorkers(TestRunner.java:1147)
	at org.testng.TestRunner.privateRun(TestRunner.java:749)
	at org.testng.TestRunner.run(TestRunner.java:600)
	at org.testng.SuiteRunner.runTest(SuiteRunner.java:317)
	at org.testng.SuiteRunner.runSequentially(SuiteRunner.java:312)
	at org.testng.SuiteRunner.privateRun(SuiteRunner.java:274)
	at org.testng.SuiteRunner.run(SuiteRunner.java:223)
	at org.testng.SuiteRunnerWorker.runSuite(SuiteRunnerWorker.java:52)
	at org.testng.SuiteRunnerWorker.run(SuiteRunnerWorker.java:86)
	at org.testng.TestNG.runSuitesSequentially(TestNG.java:1039)
	at org.testng.TestNG.runSuitesLocally(TestNG.java:964)
	at org.testng.TestNG.run(TestNG.java:900)
	at org.testng.remote.RemoteTestNG.run(RemoteTestNG.java:110)
	at org.testng.remote.RemoteTestNG.initAndRun(RemoteTestNG.java:205)
	at org.testng.remote.RemoteTestNG.main(RemoteTestNG.java:174)
</pre></div><a href='#' onClick='toggleBox("stack-trace1465085305", this, "Click to show all stack frames", "Click to hide stack frames")'>Click to show all stack frames</a>
<div class='stack-trace' id='stack-trace1465085305'><pre>org.testng.SkipException: Not verified using this TCK.
	at org.reactivestreams.tck.SubscriberWhiteboxVerification.notVerified(SubscriberWhiteboxVerification.java:779)
	at org.reactivestreams.tck.SubscriberWhiteboxVerification.untested_spec314_cancelMayCauseThePublisherToShutdownIfNoOtherSubscriptionExists(SubscriberWhiteboxVerification.java:454)
	at sun.reflect.NativeMethodAccessorImpl.invoke0(Native Method)
	at sun.reflect.NativeMethodAccessorImpl.invoke(NativeMethodAccessorImpl.java:62)
	at sun.reflect.DelegatingMethodAccessorImpl.invoke(DelegatingMethodAccessorImpl.java:43)
	at java.lang.reflect.Method.invoke(Method.java:497)
	at org.testng.internal.MethodInvocationHelper.invokeMethod(MethodInvocationHelper.java:74)
	at org.testng.internal.Invoker.invokeMethod(Invoker.java:673)
	at org.testng.internal.Invoker.invokeTestMethod(Invoker.java:846)
	at org.testng.internal.Invoker.invokeTestMethods(Invoker.java:1170)
	at org.testng.internal.TestMethodWorker.invokeTestMethods(TestMethodWorker.java:125)
	at org.testng.internal.TestMethodWorker.run(TestMethodWorker.java:109)
	at org.testng.TestRunner.runWorkers(TestRunner.java:1147)
	at org.testng.TestRunner.privateRun(TestRunner.java:749)
	at org.testng.TestRunner.run(TestRunner.java:600)
	at org.testng.SuiteRunner.runTest(SuiteRunner.java:317)
	at org.testng.SuiteRunner.runSequentially(SuiteRunner.java:312)
	at org.testng.SuiteRunner.privateRun(SuiteRunner.java:274)
	at org.testng.SuiteRunner.run(SuiteRunner.java:223)
	at org.testng.SuiteRunnerWorker.runSuite(SuiteRunnerWorker.java:52)
	at org.testng.SuiteRunnerWorker.run(SuiteRunnerWorker.java:86)
	at org.testng.TestNG.runSuitesSequentially(TestNG.java:1039)
	at org.testng.TestNG.runSuitesLocally(TestNG.java:964)
	at org.testng.TestNG.run(TestNG.java:900)
	at org.testng.remote.RemoteTestNG.run(RemoteTestNG.java:110)
	at org.testng.remote.RemoteTestNG.initAndRun(RemoteTestNG.java:205)
	at org.testng.remote.RemoteTestNG.main(RemoteTestNG.java:174)
</pre></div></td>
<td>0</td>
<td>com.aol.cyclops.javaslang.reactivestreams.javaslang.TckWhiteBoxSubscriberTest@387c703b</td></tr>
<tr>
<td title='com.aol.cyclops.javaslang.reactivestreams.javaslang.TckWhiteBoxSubscriberTest.untested_spec315_cancelMustNotThrowExceptionAndMustSignalOnError()'><b>untested_spec315_cancelMustNotThrowExceptionAndMustSignalOnError</b><br>Test class: com.aol.cyclops.javaslang.reactivestreams.javaslang.TckWhiteBoxSubscriberTest</td>
<td><div><pre>org.testng.SkipException: Not verified using this TCK.
	at org.reactivestreams.tck.SubscriberWhiteboxVerification.notVerified(SubscriberWhiteboxVerification.java:779)
	at org.reactivestreams.tck.SubscriberWhiteboxVerification.untested_spec315_cancelMustNotThrowExceptionAndMustSignalOnError(SubscriberWhiteboxVerification.java:460)
	at sun.reflect.NativeMethodAccessorImpl.invoke0(Native Method)
	at sun.reflect.NativeMethodAccessorImpl.invoke(NativeMethodAccessorImpl.java:62)
	at sun.reflect.DelegatingMethodAccessorImpl.invoke(DelegatingMethodAccessorImpl.java:43)
	at java.lang.reflect.Method.invoke(Method.java:497)
	at org.testng.internal.MethodInvocationHelper.invokeMethod(MethodInvocationHelper.java:74)
	at org.testng.internal.Invoker.invokeMethod(Invoker.java:673)
	at org.testng.internal.Invoker.invokeTestMethod(Invoker.java:846)
	at org.testng.internal.Invoker.invokeTestMethods(Invoker.java:1170)
	at org.testng.internal.TestMethodWorker.invokeTestMethods(TestMethodWorker.java:125)
	at org.testng.internal.TestMethodWorker.run(TestMethodWorker.java:109)
	at org.testng.TestRunner.runWorkers(TestRunner.java:1147)
	at org.testng.TestRunner.privateRun(TestRunner.java:749)
	at org.testng.TestRunner.run(TestRunner.java:600)
	at org.testng.SuiteRunner.runTest(SuiteRunner.java:317)
	at org.testng.SuiteRunner.runSequentially(SuiteRunner.java:312)
	at org.testng.SuiteRunner.privateRun(SuiteRunner.java:274)
	at org.testng.SuiteRunner.run(SuiteRunner.java:223)
	at org.testng.SuiteRunnerWorker.runSuite(SuiteRunnerWorker.java:52)
	at org.testng.SuiteRunnerWorker.run(SuiteRunnerWorker.java:86)
	at org.testng.TestNG.runSuitesSequentially(TestNG.java:1039)
	at org.testng.TestNG.runSuitesLocally(TestNG.java:964)
	at org.testng.TestNG.run(TestNG.java:900)
	at org.testng.remote.RemoteTestNG.run(RemoteTestNG.java:110)
	at org.testng.remote.RemoteTestNG.initAndRun(RemoteTestNG.java:205)
	at org.testng.remote.RemoteTestNG.main(RemoteTestNG.java:174)
</pre></div><a href='#' onClick='toggleBox("stack-trace120694604", this, "Click to show all stack frames", "Click to hide stack frames")'>Click to show all stack frames</a>
<div class='stack-trace' id='stack-trace120694604'><pre>org.testng.SkipException: Not verified using this TCK.
	at org.reactivestreams.tck.SubscriberWhiteboxVerification.notVerified(SubscriberWhiteboxVerification.java:779)
	at org.reactivestreams.tck.SubscriberWhiteboxVerification.untested_spec315_cancelMustNotThrowExceptionAndMustSignalOnError(SubscriberWhiteboxVerification.java:460)
	at sun.reflect.NativeMethodAccessorImpl.invoke0(Native Method)
	at sun.reflect.NativeMethodAccessorImpl.invoke(NativeMethodAccessorImpl.java:62)
	at sun.reflect.DelegatingMethodAccessorImpl.invoke(DelegatingMethodAccessorImpl.java:43)
	at java.lang.reflect.Method.invoke(Method.java:497)
	at org.testng.internal.MethodInvocationHelper.invokeMethod(MethodInvocationHelper.java:74)
	at org.testng.internal.Invoker.invokeMethod(Invoker.java:673)
	at org.testng.internal.Invoker.invokeTestMethod(Invoker.java:846)
	at org.testng.internal.Invoker.invokeTestMethods(Invoker.java:1170)
	at org.testng.internal.TestMethodWorker.invokeTestMethods(TestMethodWorker.java:125)
	at org.testng.internal.TestMethodWorker.run(TestMethodWorker.java:109)
	at org.testng.TestRunner.runWorkers(TestRunner.java:1147)
	at org.testng.TestRunner.privateRun(TestRunner.java:749)
	at org.testng.TestRunner.run(TestRunner.java:600)
	at org.testng.SuiteRunner.runTest(SuiteRunner.java:317)
	at org.testng.SuiteRunner.runSequentially(SuiteRunner.java:312)
	at org.testng.SuiteRunner.privateRun(SuiteRunner.java:274)
	at org.testng.SuiteRunner.run(SuiteRunner.java:223)
	at org.testng.SuiteRunnerWorker.runSuite(SuiteRunnerWorker.java:52)
	at org.testng.SuiteRunnerWorker.run(SuiteRunnerWorker.java:86)
	at org.testng.TestNG.runSuitesSequentially(TestNG.java:1039)
	at org.testng.TestNG.runSuitesLocally(TestNG.java:964)
	at org.testng.TestNG.run(TestNG.java:900)
	at org.testng.remote.RemoteTestNG.run(RemoteTestNG.java:110)
	at org.testng.remote.RemoteTestNG.initAndRun(RemoteTestNG.java:205)
	at org.testng.remote.RemoteTestNG.main(RemoteTestNG.java:174)
</pre></div></td>
<td>0</td>
<td>com.aol.cyclops.javaslang.reactivestreams.javaslang.TckWhiteBoxSubscriberTest@387c703b</td></tr>
<tr>
<td title='com.aol.cyclops.javaslang.reactivestreams.javaslang.TckWhiteBoxSubscriberTest.untested_spec316_requestMustNotThrowExceptionAndMustOnErrorTheSubscriber()'><b>untested_spec316_requestMustNotThrowExceptionAndMustOnErrorTheSubscriber</b><br>Test class: com.aol.cyclops.javaslang.reactivestreams.javaslang.TckWhiteBoxSubscriberTest</td>
<td><div><pre>org.testng.SkipException: Not verified using this TCK.
	at org.reactivestreams.tck.SubscriberWhiteboxVerification.notVerified(SubscriberWhiteboxVerification.java:779)
	at org.reactivestreams.tck.SubscriberWhiteboxVerification.untested_spec316_requestMustNotThrowExceptionAndMustOnErrorTheSubscriber(SubscriberWhiteboxVerification.java:466)
	at sun.reflect.NativeMethodAccessorImpl.invoke0(Native Method)
	at sun.reflect.NativeMethodAccessorImpl.invoke(NativeMethodAccessorImpl.java:62)
	at sun.reflect.DelegatingMethodAccessorImpl.invoke(DelegatingMethodAccessorImpl.java:43)
	at java.lang.reflect.Method.invoke(Method.java:497)
	at org.testng.internal.MethodInvocationHelper.invokeMethod(MethodInvocationHelper.java:74)
	at org.testng.internal.Invoker.invokeMethod(Invoker.java:673)
	at org.testng.internal.Invoker.invokeTestMethod(Invoker.java:846)
	at org.testng.internal.Invoker.invokeTestMethods(Invoker.java:1170)
	at org.testng.internal.TestMethodWorker.invokeTestMethods(TestMethodWorker.java:125)
	at org.testng.internal.TestMethodWorker.run(TestMethodWorker.java:109)
	at org.testng.TestRunner.runWorkers(TestRunner.java:1147)
	at org.testng.TestRunner.privateRun(TestRunner.java:749)
	at org.testng.TestRunner.run(TestRunner.java:600)
	at org.testng.SuiteRunner.runTest(SuiteRunner.java:317)
	at org.testng.SuiteRunner.runSequentially(SuiteRunner.java:312)
	at org.testng.SuiteRunner.privateRun(SuiteRunner.java:274)
	at org.testng.SuiteRunner.run(SuiteRunner.java:223)
	at org.testng.SuiteRunnerWorker.runSuite(SuiteRunnerWorker.java:52)
	at org.testng.SuiteRunnerWorker.run(SuiteRunnerWorker.java:86)
	at org.testng.TestNG.runSuitesSequentially(TestNG.java:1039)
	at org.testng.TestNG.runSuitesLocally(TestNG.java:964)
	at org.testng.TestNG.run(TestNG.java:900)
	at org.testng.remote.RemoteTestNG.run(RemoteTestNG.java:110)
	at org.testng.remote.RemoteTestNG.initAndRun(RemoteTestNG.java:205)
	at org.testng.remote.RemoteTestNG.main(RemoteTestNG.java:174)
</pre></div><a href='#' onClick='toggleBox("stack-trace2006034581", this, "Click to show all stack frames", "Click to hide stack frames")'>Click to show all stack frames</a>
<div class='stack-trace' id='stack-trace2006034581'><pre>org.testng.SkipException: Not verified using this TCK.
	at org.reactivestreams.tck.SubscriberWhiteboxVerification.notVerified(SubscriberWhiteboxVerification.java:779)
	at org.reactivestreams.tck.SubscriberWhiteboxVerification.untested_spec316_requestMustNotThrowExceptionAndMustOnErrorTheSubscriber(SubscriberWhiteboxVerification.java:466)
	at sun.reflect.NativeMethodAccessorImpl.invoke0(Native Method)
	at sun.reflect.NativeMethodAccessorImpl.invoke(NativeMethodAccessorImpl.java:62)
	at sun.reflect.DelegatingMethodAccessorImpl.invoke(DelegatingMethodAccessorImpl.java:43)
	at java.lang.reflect.Method.invoke(Method.java:497)
	at org.testng.internal.MethodInvocationHelper.invokeMethod(MethodInvocationHelper.java:74)
	at org.testng.internal.Invoker.invokeMethod(Invoker.java:673)
	at org.testng.internal.Invoker.invokeTestMethod(Invoker.java:846)
	at org.testng.internal.Invoker.invokeTestMethods(Invoker.java:1170)
	at org.testng.internal.TestMethodWorker.invokeTestMethods(TestMethodWorker.java:125)
	at org.testng.internal.TestMethodWorker.run(TestMethodWorker.java:109)
	at org.testng.TestRunner.runWorkers(TestRunner.java:1147)
	at org.testng.TestRunner.privateRun(TestRunner.java:749)
	at org.testng.TestRunner.run(TestRunner.java:600)
	at org.testng.SuiteRunner.runTest(SuiteRunner.java:317)
	at org.testng.SuiteRunner.runSequentially(SuiteRunner.java:312)
	at org.testng.SuiteRunner.privateRun(SuiteRunner.java:274)
	at org.testng.SuiteRunner.run(SuiteRunner.java:223)
	at org.testng.SuiteRunnerWorker.runSuite(SuiteRunnerWorker.java:52)
	at org.testng.SuiteRunnerWorker.run(SuiteRunnerWorker.java:86)
	at org.testng.TestNG.runSuitesSequentially(TestNG.java:1039)
	at org.testng.TestNG.runSuitesLocally(TestNG.java:964)
	at org.testng.TestNG.run(TestNG.java:900)
	at org.testng.remote.RemoteTestNG.run(RemoteTestNG.java:110)
	at org.testng.remote.RemoteTestNG.initAndRun(RemoteTestNG.java:205)
	at org.testng.remote.RemoteTestNG.main(RemoteTestNG.java:174)
</pre></div></td>
<td>0</td>
<td>com.aol.cyclops.javaslang.reactivestreams.javaslang.TckWhiteBoxSubscriberTest@387c703b</td></tr>
</table><p>
</body>
</html>